<?xml version="1.0" encoding="UTF-8"?>
<!-- Generated by org.testng.reporters.JUnitXMLReporter -->
<testsuite hostname="Lenovo-PC" ignored="0" name="petStoreAllTestCases" tests="4" failures="0" timestamp="2021-04-07T20:43:18 IST" time="63.085" errors="0">
  <testcase name="postMthodPetStore" time="54.376" classname="petStoreEndtoEnd.Post_PetStore_Method"/>
  <testcase name="GetpetStoreMethod" time="2.887" classname="petStoreEndtoEnd.Get_PetStore_Method"/>
  <testcase name="DeletePetStoreMethod" time="2.566" classname="petStoreEndtoEnd.Delete_PetStore_Method"/>
  <testcase name="GetpetStoreAfterDelete" time="2.541" classname="petStoreEndtoEnd.Get_AfterDelete_PetStore"/>
</testsuite> <!-- petStoreAllTestCases -->
