<?xml version="1.0" encoding="UTF-8"?>
<testng-results skipped="0" failed="1" ignored="0" total="1" passed="0">
  <reporter-output>
  </reporter-output>
  <suite name="Default suite" duration-ms="3605" started-at="2021-06-16T20:14:20 IST" finished-at="2021-06-16T20:14:23 IST">
    <groups>
    </groups>
    <test name="Default test" duration-ms="3605" started-at="2021-06-16T20:14:20 IST" finished-at="2021-06-16T20:14:23 IST">
      <class name="FindBusStopLocation.BusLocationFind">
        <test-method status="FAIL" signature="BusStopLocationFind()[pri:0, instance:FindBusStopLocation.BusLocationFind@3578436e]" name="BusStopLocationFind" duration-ms="3539" started-at="2021-06-16T20:14:20 IST" finished-at="2021-06-16T20:14:23 IST">
          <exception class="org.json.JSONException">
            <message>
              <![CDATA[JSONObject["data/stops[2]/code"] not found.]]>
            </message>
            <full-stacktrace>
              <![CDATA[org.json.JSONException: JSONObject["data/stops[2]/code"] not found.
at org.json.JSONObject.get(JSONObject.java:572)
at FindBusStopLocation.BusLocationFind.BusStopLocationFind(BusLocationFind.java:37)
at sun.reflect.NativeMethodAccessorImpl.invoke0(Native Method)
at sun.reflect.NativeMethodAccessorImpl.invoke(NativeMethodAccessorImpl.java:62)
at sun.reflect.DelegatingMethodAccessorImpl.invoke(DelegatingMethodAccessorImpl.java:43)
at java.lang.reflect.Method.invoke(Method.java:498)
at org.testng.internal.MethodInvocationHelper.invokeMethod(MethodInvocationHelper.java:134)
at org.testng.internal.TestInvoker.invokeMethod(TestInvoker.java:597)
at org.testng.internal.TestInvoker.invokeTestMethod(TestInvoker.java:173)
at org.testng.internal.MethodRunner.runInSequence(MethodRunner.java:46)
at org.testng.internal.TestInvoker$MethodInvocationAgent.invoke(TestInvoker.java:816)
at org.testng.internal.TestInvoker.invokeTestMethods(TestInvoker.java:146)
at org.testng.internal.TestMethodWorker.invokeTestMethods(TestMethodWorker.java:146)
at org.testng.internal.TestMethodWorker.run(TestMethodWorker.java:128)
at java.util.ArrayList.forEach(ArrayList.java:1257)
at org.testng.TestRunner.privateRun(TestRunner.java:766)
at org.testng.TestRunner.run(TestRunner.java:587)
at org.testng.SuiteRunner.runTest(SuiteRunner.java:384)
at org.testng.SuiteRunner.runSequentially(SuiteRunner.java:378)
at org.testng.SuiteRunner.privateRun(SuiteRunner.java:337)
at org.testng.SuiteRunner.run(SuiteRunner.java:286)
at org.testng.SuiteRunnerWorker.runSuite(SuiteRunnerWorker.java:53)
at org.testng.SuiteRunnerWorker.run(SuiteRunnerWorker.java:96)
at org.testng.TestNG.runSuitesSequentially(TestNG.java:1187)
at org.testng.TestNG.runSuitesLocally(TestNG.java:1109)
at org.testng.TestNG.runSuites(TestNG.java:1039)
at org.testng.TestNG.run(TestNG.java:1007)
at org.testng.remote.AbstractRemoteTestNG.run(AbstractRemoteTestNG.java:115)
at org.testng.remote.RemoteTestNG.initAndRun(RemoteTestNG.java:251)
at org.testng.remote.RemoteTestNG.main(RemoteTestNG.java:77)
]]>
            </full-stacktrace>
          </exception> <!-- org.json.JSONException -->
          <reporter-output>
          </reporter-output>
        </test-method> <!-- BusStopLocationFind -->
      </class> <!-- FindBusStopLocation.BusLocationFind -->
    </test> <!-- Default test -->
  </suite> <!-- Default suite -->
</testng-results>
